2022-02-25 22:50:57	Connect to MySql database: SIMPLE_SCHEMA
2022-02-25 22:51:00	Table content displayed
2022-02-26 00:49:07	Connect to MySql database: SIMPLE_SCHEMA
2022-02-26 00:49:10	Table content displayed
2022-02-26 00:54:14	--New Session--
2022-02-26 00:54:14	Connect to MySql database: SIMPLE_SCHEMA
2022-02-26 00:54:33	Table content displayed
2022-02-26 00:58:42	Connect to MySql database: SIMPLE_SCHEMA
2022-02-26 00:58:44	Table content displayed
2022-02-26 00:59:05	Connect to MySql database: SIMPLE_SCHEMA
2022-02-26 00:59:07	Table content displayed
2022-02-26 01:01:10	Connect to MySql database: SIMPLE_SCHEMA
2022-02-26 01:01:12	Table content displayed
2022-02-26 01:01:42	Connect to MySql database: SIMPLE_SCHEMA
2022-02-26 01:01:43	Table content displayed
2022-02-26 01:02:10	Connect to MySql database: SIMPLE_SCHEMA
2022-02-26 01:02:13	Table content displayed
2022-02-26 01:03:17	Connect to MySql database: SIMPLE_SCHEMA
2022-02-26 01:03:57	Row added to the table
2022-02-26 01:03:59	Table content displayed
2022-02-26 01:07:40	Connect to MySql database: SIMPLE_SCHEMA
2022-02-26 01:08:20	Row added to the table
2022-02-26 01:08:25	Connect to MySql database: SIMPLE_SCHEMA
2022-02-26 01:08:45	Row added to the table
2022-02-26 01:08:49	Table content displayed
2022-02-26 01:09:07	Row removed from table: 11
2022-02-26 01:09:10	Table content displayed
